c:\users\arash-home\dropbox\2d_laplace\qt_version\heteval\heteval\x64\debug\vc140.pdb
c:\users\arash-home\dropbox\2d_laplace\qt_version\heteval\heteval\x64\debug\moc_qwt_plot_panner.obj
c:\users\arash-home\dropbox\2d_laplace\qt_version\heteval\heteval\x64\debug\moc_qwt_plot_magnifier.obj
c:\users\arash-home\dropbox\2d_laplace\qt_version\heteval\heteval\x64\debug\moc_qwt_plot_glcanvas.obj
c:\users\arash-home\dropbox\2d_laplace\qt_version\heteval\heteval\x64\debug\moc_qwt_plot_canvas.obj
c:\users\arash-home\dropbox\2d_laplace\qt_version\heteval\heteval\x64\debug\moc_qwt_plot.obj
c:\users\arash-home\dropbox\2d_laplace\qt_version\heteval\heteval\x64\debug\moc_qwt_picker.obj
c:\users\arash-home\dropbox\2d_laplace\qt_version\heteval\heteval\x64\debug\moc_qwt_panner.obj
c:\users\arash-home\dropbox\2d_laplace\qt_version\heteval\heteval\x64\debug\moc_qwt_magnifier.obj
c:\users\arash-home\dropbox\2d_laplace\qt_version\heteval\heteval\x64\debug\moc_qwt_legend_label.obj
c:\users\arash-home\dropbox\2d_laplace\qt_version\heteval\heteval\x64\debug\moc_qwt_legend.obj
c:\users\arash-home\dropbox\2d_laplace\qt_version\heteval\heteval\x64\debug\moc_qwt_knob.obj
c:\users\arash-home\dropbox\2d_laplace\qt_version\heteval\heteval\x64\debug\moc_qwt_dyngrid_layout.obj
c:\users\arash-home\dropbox\2d_laplace\qt_version\heteval\heteval\x64\debug\moc_qwt_dial.obj
c:\users\arash-home\dropbox\2d_laplace\qt_version\heteval\heteval\x64\debug\moc_qwt_counter.obj
c:\users\arash-home\dropbox\2d_laplace\qt_version\heteval\heteval\x64\debug\moc_qwt_compass.obj
c:\users\arash-home\dropbox\2d_laplace\qt_version\heteval\heteval\x64\debug\moc_qwt_analog_clock.obj
c:\users\arash-home\dropbox\2d_laplace\qt_version\heteval\heteval\x64\debug\moc_qwt_abstract_slider.obj
c:\users\arash-home\dropbox\2d_laplace\qt_version\heteval\heteval\x64\debug\moc_qwt_abstract_scale.obj
c:\users\arash-home\dropbox\2d_laplace\qt_version\heteval\heteval\x64\debug\moc_qwt_abstract_legend.obj
c:\users\arash-home\dropbox\2d_laplace\qt_version\heteval\heteval\x64\debug\moc_heteval.obj
c:\users\arash-home\dropbox\2d_laplace\qt_version\heteval\heteval\x64\debug\qwt_column_symbol.obj
c:\users\arash-home\dropbox\2d_laplace\qt_version\heteval\heteval\x64\debug\qwt_color_map.obj
c:\users\arash-home\dropbox\2d_laplace\qt_version\heteval\heteval\x64\debug\qwt_clipper.obj
c:\users\arash-home\dropbox\2d_laplace\qt_version\heteval\heteval\x64\debug\qwt_arrow_button.obj
c:\users\arash-home\dropbox\2d_laplace\qt_version\heteval\heteval\x64\debug\qwt_analog_clock.obj
c:\users\arash-home\dropbox\2d_laplace\qt_version\heteval\heteval\x64\debug\qwt_abstract_slider.obj
c:\users\arash-home\dropbox\2d_laplace\qt_version\heteval\heteval\x64\debug\qwt_abstract_scale_draw.obj
c:\users\arash-home\dropbox\2d_laplace\qt_version\heteval\heteval\x64\debug\qwt_abstract_scale.obj
c:\users\arash-home\dropbox\2d_laplace\qt_version\heteval\heteval\x64\debug\qwt_abstract_legend.obj
c:\users\arash-home\dropbox\2d_laplace\qt_version\heteval\heteval\x64\debug\main.obj
c:\users\arash-home\dropbox\2d_laplace\qt_version\heteval\heteval\x64\debug\heteval.obj
c:\users\arash-home\dropbox\2d_laplace\qt_version\heteval\heteval\x64\debug\moc_qwt_wheel.obj
c:\users\arash-home\dropbox\2d_laplace\qt_version\heteval\heteval\x64\debug\moc_qwt_thermo.obj
c:\users\arash-home\dropbox\2d_laplace\qt_version\heteval\heteval\x64\debug\moc_qwt_text_label.obj
c:\users\arash-home\dropbox\2d_laplace\qt_version\heteval\heteval\x64\debug\moc_qwt_slider.obj
c:\users\arash-home\dropbox\2d_laplace\qt_version\heteval\heteval\x64\debug\moc_qwt_scale_widget.obj
c:\users\arash-home\dropbox\2d_laplace\qt_version\heteval\heteval\x64\debug\moc_qwt_sampling_thread.obj
c:\users\arash-home\dropbox\2d_laplace\qt_version\heteval\heteval\x64\debug\moc_qwt_plot_zoomer.obj
c:\users\arash-home\dropbox\2d_laplace\qt_version\heteval\heteval\x64\debug\moc_qwt_plot_renderer.obj
c:\users\arash-home\dropbox\2d_laplace\qt_version\heteval\heteval\x64\debug\moc_qwt_plot_picker.obj
c:\users\arash-home\dropbox\2d_laplace\qt_version\heteval\heteval\x64\debug\qwt_math.obj
c:\users\arash-home\dropbox\2d_laplace\qt_version\heteval\heteval\x64\debug\qwt_magnifier.obj
c:\users\arash-home\dropbox\2d_laplace\qt_version\heteval\heteval\x64\debug\qwt_legend_label.obj
c:\users\arash-home\dropbox\2d_laplace\qt_version\heteval\heteval\x64\debug\qwt_legend_data.obj
c:\users\arash-home\dropbox\2d_laplace\qt_version\heteval\heteval\x64\debug\qwt_legend.obj
c:\users\arash-home\dropbox\2d_laplace\qt_version\heteval\heteval\x64\debug\qwt_knob.obj
c:\users\arash-home\dropbox\2d_laplace\qt_version\heteval\heteval\x64\debug\qwt_plot_directpainter.obj
c:\users\arash-home\dropbox\2d_laplace\qt_version\heteval\heteval\x64\debug\qwt_plot_dict.obj
c:\users\arash-home\dropbox\2d_laplace\qt_version\heteval\heteval\x64\debug\qwt_plot_curve.obj
c:\users\arash-home\dropbox\2d_laplace\qt_version\heteval\heteval\x64\debug\qwt_plot_canvas.obj
c:\users\arash-home\dropbox\2d_laplace\qt_version\heteval\heteval\x64\debug\qwt_plot_barchart.obj
c:\users\arash-home\dropbox\2d_laplace\qt_version\heteval\heteval\x64\debug\qwt_plot_axis.obj
c:\users\arash-home\dropbox\2d_laplace\qt_version\heteval\heteval\x64\debug\qwt_plot_abstract_barchart.obj
c:\users\arash-home\dropbox\2d_laplace\qt_version\heteval\heteval\x64\debug\qwt_plot.obj
c:\users\arash-home\dropbox\2d_laplace\qt_version\heteval\heteval\x64\debug\qwt_pixel_matrix.obj
c:\users\arash-home\dropbox\2d_laplace\qt_version\heteval\heteval\x64\debug\qwt_picker_machine.obj
c:\users\arash-home\dropbox\2d_laplace\qt_version\heteval\heteval\x64\debug\qwt_picker.obj
c:\users\arash-home\dropbox\2d_laplace\qt_version\heteval\heteval\x64\debug\qwt_panner.obj
c:\users\arash-home\dropbox\2d_laplace\qt_version\heteval\heteval\x64\debug\qwt_painter_command.obj
c:\users\arash-home\dropbox\2d_laplace\qt_version\heteval\heteval\x64\debug\qwt_painter.obj
c:\users\arash-home\dropbox\2d_laplace\qt_version\heteval\heteval\x64\debug\qwt_null_paintdevice.obj
c:\users\arash-home\dropbox\2d_laplace\qt_version\heteval\heteval\x64\debug\qwt_matrix_raster_data.obj
c:\users\arash-home\dropbox\2d_laplace\qt_version\heteval\heteval\x64\debug\qwt_interval_symbol.obj
c:\users\arash-home\dropbox\2d_laplace\qt_version\heteval\heteval\x64\debug\qwt_compass.obj
c:\users\arash-home\dropbox\2d_laplace\qt_version\heteval\heteval\x64\debug\qwt_plot_spectrogram.obj
c:\users\arash-home\dropbox\2d_laplace\qt_version\heteval\heteval\x64\debug\qwt_plot_spectrocurve.obj
c:\users\arash-home\dropbox\2d_laplace\qt_version\heteval\heteval\x64\debug\qwt_plot_shapeitem.obj
c:\users\arash-home\dropbox\2d_laplace\qt_version\heteval\heteval\x64\debug\qwt_plot_seriesitem.obj
c:\users\arash-home\dropbox\2d_laplace\qt_version\heteval\heteval\x64\debug\qwt_plot_scaleitem.obj
c:\users\arash-home\dropbox\2d_laplace\qt_version\heteval\heteval\x64\debug\qwt_plot_rescaler.obj
c:\users\arash-home\dropbox\2d_laplace\qt_version\heteval\heteval\x64\debug\qwt_plot_renderer.obj
c:\users\arash-home\dropbox\2d_laplace\qt_version\heteval\heteval\x64\debug\qwt_plot_rasteritem.obj
c:\users\arash-home\dropbox\2d_laplace\qt_version\heteval\heteval\x64\debug\qwt_plot_picker.obj
c:\users\arash-home\dropbox\2d_laplace\qt_version\heteval\heteval\x64\debug\qwt_plot_panner.obj
c:\users\arash-home\dropbox\2d_laplace\qt_version\heteval\heteval\x64\debug\qwt_plot_multi_barchart.obj
c:\users\arash-home\dropbox\2d_laplace\qt_version\heteval\heteval\x64\debug\qwt_plot_marker.obj
c:\users\arash-home\dropbox\2d_laplace\qt_version\heteval\heteval\x64\debug\qwt_plot_magnifier.obj
c:\users\arash-home\dropbox\2d_laplace\qt_version\heteval\heteval\x64\debug\qwt_plot_legenditem.obj
c:\users\arash-home\dropbox\2d_laplace\qt_version\heteval\heteval\x64\debug\qwt_plot_layout.obj
c:\users\arash-home\dropbox\2d_laplace\qt_version\heteval\heteval\x64\debug\qwt_plot_item.obj
c:\users\arash-home\dropbox\2d_laplace\qt_version\heteval\heteval\x64\debug\qwt_plot_intervalcurve.obj
c:\users\arash-home\dropbox\2d_laplace\qt_version\heteval\heteval\x64\debug\qwt_plot_histogram.obj
c:\users\arash-home\dropbox\2d_laplace\qt_version\heteval\heteval\x64\debug\qwt_plot_grid.obj
c:\users\arash-home\dropbox\2d_laplace\qt_version\heteval\heteval\x64\debug\qwt_plot_glcanvas.obj
c:\users\arash-home\dropbox\2d_laplace\qt_version\heteval\heteval\x64\debug\qwt_slider.obj
c:\users\arash-home\dropbox\2d_laplace\qt_version\heteval\heteval\x64\debug\qwt_series_data.obj
c:\users\arash-home\dropbox\2d_laplace\qt_version\heteval\heteval\x64\debug\qwt_scale_widget.obj
c:\users\arash-home\dropbox\2d_laplace\qt_version\heteval\heteval\x64\debug\qwt_scale_map.obj
c:\users\arash-home\dropbox\2d_laplace\qt_version\heteval\heteval\x64\debug\qwt_scale_engine.obj
c:\users\arash-home\dropbox\2d_laplace\qt_version\heteval\heteval\x64\debug\qwt_scale_draw.obj
c:\users\arash-home\dropbox\2d_laplace\qt_version\heteval\heteval\x64\debug\qwt_scale_div.obj
c:\users\arash-home\dropbox\2d_laplace\qt_version\heteval\heteval\x64\debug\qwt_sampling_thread.obj
c:\users\arash-home\dropbox\2d_laplace\qt_version\heteval\heteval\x64\debug\qwt_round_scale_draw.obj
c:\users\arash-home\dropbox\2d_laplace\qt_version\heteval\heteval\x64\debug\qwt_raster_data.obj
c:\users\arash-home\dropbox\2d_laplace\qt_version\heteval\heteval\x64\debug\qwt_point_polar.obj
c:\users\arash-home\dropbox\2d_laplace\qt_version\heteval\heteval\x64\debug\qwt_point_mapper.obj
c:\users\arash-home\dropbox\2d_laplace\qt_version\heteval\heteval\x64\debug\qwt_point_data.obj
c:\users\arash-home\dropbox\2d_laplace\qt_version\heteval\heteval\x64\debug\qwt_point_3d.obj
c:\users\arash-home\dropbox\2d_laplace\qt_version\heteval\heteval\x64\debug\qwt_plot_zoomer.obj
c:\users\arash-home\dropbox\2d_laplace\qt_version\heteval\heteval\x64\debug\qwt_plot_zoneitem.obj
c:\users\arash-home\dropbox\2d_laplace\qt_version\heteval\heteval\x64\debug\qwt_plot_xml.obj
c:\users\arash-home\dropbox\2d_laplace\qt_version\heteval\heteval\x64\debug\qwt_plot_tradingcurve.obj
c:\users\arash-home\dropbox\2d_laplace\qt_version\heteval\heteval\x64\debug\qwt_plot_textlabel.obj
c:\users\arash-home\dropbox\2d_laplace\qt_version\heteval\heteval\x64\debug\qwt_plot_svgitem.obj
c:\users\arash-home\dropbox\2d_laplace\qt_version\heteval\heteval\x64\debug\qwt_widget_overlay.obj
c:\users\arash-home\dropbox\2d_laplace\qt_version\heteval\heteval\x64\debug\qwt_wheel.obj
c:\users\arash-home\dropbox\2d_laplace\qt_version\heteval\heteval\x64\debug\qwt_transform.obj
c:\users\arash-home\dropbox\2d_laplace\qt_version\heteval\heteval\x64\debug\qwt_thermo.obj
c:\users\arash-home\dropbox\2d_laplace\qt_version\heteval\heteval\x64\debug\qwt_text_label.obj
c:\users\arash-home\dropbox\2d_laplace\qt_version\heteval\heteval\x64\debug\qwt_text_engine.obj
c:\users\arash-home\dropbox\2d_laplace\qt_version\heteval\heteval\x64\debug\qwt_text.obj
c:\users\arash-home\dropbox\2d_laplace\qt_version\heteval\heteval\x64\debug\qwt_system_clock.obj
c:\users\arash-home\dropbox\2d_laplace\qt_version\heteval\heteval\x64\debug\qwt_symbol.obj
c:\users\arash-home\dropbox\2d_laplace\qt_version\heteval\heteval\x64\debug\qwt_spline.obj
c:\users\arash-home\dropbox\2d_laplace\qt_version\heteval\heteval\x64\debug\qwt_interval.obj
c:\users\arash-home\dropbox\2d_laplace\qt_version\heteval\heteval\x64\debug\qwt_graphic.obj
c:\users\arash-home\dropbox\2d_laplace\qt_version\heteval\heteval\x64\debug\qwt_event_pattern.obj
c:\users\arash-home\dropbox\2d_laplace\qt_version\heteval\heteval\x64\debug\qwt_dyngrid_layout.obj
c:\users\arash-home\dropbox\2d_laplace\qt_version\heteval\heteval\x64\debug\qwt_dial_needle.obj
c:\users\arash-home\dropbox\2d_laplace\qt_version\heteval\heteval\x64\debug\qwt_dial.obj
c:\users\arash-home\dropbox\2d_laplace\qt_version\heteval\heteval\x64\debug\qwt_date_scale_engine.obj
c:\users\arash-home\dropbox\2d_laplace\qt_version\heteval\heteval\x64\debug\qwt_date_scale_draw.obj
c:\users\arash-home\dropbox\2d_laplace\qt_version\heteval\heteval\x64\debug\qwt_date.obj
c:\users\arash-home\dropbox\2d_laplace\qt_version\heteval\heteval\x64\debug\qwt_curve_fitter.obj
c:\users\arash-home\dropbox\2d_laplace\qt_version\heteval\heteval\x64\debug\qwt_counter.obj
c:\users\arash-home\dropbox\2d_laplace\qt_version\heteval\heteval\x64\debug\qwt_compass_rose.obj
c:\users\arash-home\dropbox\2d_laplace\qt_version\heteval\heteval\x64\debug\vector_arma.obj
c:\users\arash-home\dropbox\2d_laplace\qt_version\heteval\heteval\x64\debug\vector.obj
c:\users\arash-home\dropbox\2d_laplace\qt_version\heteval\heteval\x64\debug\stringop.obj
c:\users\arash-home\dropbox\2d_laplace\qt_version\heteval\heteval\x64\debug\quicksort.obj
c:\users\arash-home\dropbox\2d_laplace\qt_version\heteval\heteval\x64\debug\normaldist.obj
c:\users\arash-home\dropbox\2d_laplace\qt_version\heteval\heteval\x64\debug\matrix_arma_sp.obj
c:\users\arash-home\dropbox\2d_laplace\qt_version\heteval\heteval\x64\debug\matrix_arma.obj
c:\users\arash-home\dropbox\2d_laplace\qt_version\heteval\heteval\x64\debug\matrix.obj
c:\users\arash-home\dropbox\2d_laplace\qt_version\heteval\heteval\x64\debug\gwa.obj
c:\users\arash-home\dropbox\2d_laplace\qt_version\heteval\heteval\x64\debug\distributionnunif.obj
c:\users\arash-home\dropbox\2d_laplace\qt_version\heteval\heteval\x64\debug\distribution.obj
c:\users\arash-home\dropbox\2d_laplace\qt_version\heteval\heteval\x64\debug\copula.obj
c:\users\arash-home\dropbox\2d_laplace\qt_version\heteval\heteval\x64\debug\btcset.obj
c:\users\arash-home\dropbox\2d_laplace\qt_version\heteval\heteval\x64\debug\btc.obj
c:\users\arash-home\dropbox\2d_laplace\qt_version\heteval\heteval\x64\debug\grid.obj
c:\users\arash-home\dropbox\2d_laplace\qt_version\heteval\heteval\x64\debug\2d_laplace.obj
c:\users\arash-home\dropbox\2d_laplace\qt_version\heteval\heteval\x64\debug\heteval.pch
c:\users\arash-home\dropbox\2d_laplace\qt_version\heteval\heteval\x64\debug\stdafx.obj
c:\users\arash-home\dropbox\2d_laplace\qt_version\heteval\heteval\x64\debug\plots.obj
c:\users\arash-home\dropbox\2d_laplace\qt_version\heteval\heteval\x64\debug\qrc_heteval.obj
c:\users\arash-home\dropbox\2d_laplace\qt_version\heteval\heteval\x64\debug\spectogram.obj
c:\users\arash-home\dropbox\2d_laplace\qt_version\heteval\heteval\x64\debug\moc_spectogram.obj
c:\users\arash-home\dropbox\2d_laplace\qt_version\heteval\heteval\generatedfiles\qrc_heteval.cpp
c:\users\arash-home\dropbox\2d_laplace\qt_version\heteval\heteval\generatedfiles\ui_heteval.h
c:\users\arash-home\dropbox\2d_laplace\qt_version\heteval\heteval\generatedfiles\debug\moc_heteval.cpp
c:\users\arash-home\dropbox\2d_laplace\qt_version\heteval\heteval\generatedfiles\debug\moc_spectogram.cpp
c:\users\arash-home\dropbox\2d_laplace\qt_version\heteval\x64\debug\heteval.ilk
c:\users\arash-home\dropbox\2d_laplace\qt_version\heteval\x64\debug\heteval.exe
c:\users\arash-home\dropbox\2d_laplace\qt_version\heteval\x64\debug\heteval.pdb
c:\users\arash-home\dropbox\2d_laplace\qt_version\heteval\heteval\x64\debug\heteval.tlog\cl.command.1.tlog
c:\users\arash-home\dropbox\2d_laplace\qt_version\heteval\heteval\x64\debug\heteval.tlog\cl.read.1.tlog
c:\users\arash-home\dropbox\2d_laplace\qt_version\heteval\heteval\x64\debug\heteval.tlog\cl.write.1.tlog
c:\users\arash-home\dropbox\2d_laplace\qt_version\heteval\heteval\x64\debug\heteval.tlog\custombuild.command.1.tlog
c:\users\arash-home\dropbox\2d_laplace\qt_version\heteval\heteval\x64\debug\heteval.tlog\custombuild.read.1.tlog
c:\users\arash-home\dropbox\2d_laplace\qt_version\heteval\heteval\x64\debug\heteval.tlog\custombuild.write.1.tlog
c:\users\arash-home\dropbox\2d_laplace\qt_version\heteval\heteval\x64\debug\heteval.tlog\link.20180-cvtres.read.1.tlog
c:\users\arash-home\dropbox\2d_laplace\qt_version\heteval\heteval\x64\debug\heteval.tlog\link.20180-cvtres.write.1.tlog
c:\users\arash-home\dropbox\2d_laplace\qt_version\heteval\heteval\x64\debug\heteval.tlog\link.20180-rc.read.1.tlog
c:\users\arash-home\dropbox\2d_laplace\qt_version\heteval\heteval\x64\debug\heteval.tlog\link.20180-rc.write.1.tlog
c:\users\arash-home\dropbox\2d_laplace\qt_version\heteval\heteval\x64\debug\heteval.tlog\link.20180.read.1.tlog
c:\users\arash-home\dropbox\2d_laplace\qt_version\heteval\heteval\x64\debug\heteval.tlog\link.20180.write.1.tlog
c:\users\arash-home\dropbox\2d_laplace\qt_version\heteval\heteval\x64\debug\heteval.tlog\link.command.1.tlog
c:\users\arash-home\dropbox\2d_laplace\qt_version\heteval\heteval\x64\debug\heteval.tlog\link.read.1.tlog
c:\users\arash-home\dropbox\2d_laplace\qt_version\heteval\heteval\x64\debug\heteval.tlog\link.write.1.tlog
